Checking...
Redecl of a at level 0
Undecl ident d at level 1
Types for + not permitted
Field extraction on a non-Record variable d
Then
End Then
Id Name              Ty Scp
 0 <NoName>           0  -1 0
 1 a                  3   1 0
 2 z                  1   0 0
 3 b                  2   0 0
 4 c                  3   0 0
 5 y                 Not Declared
 6 e                  5   0 0
 7 p                  1   1 0
 8 d                 Not Declared
 9 r                 Not Declared

Else
End Else
Id Name              Ty Scp
 0 <NoName>           0  -1 0
 1 a                  3   1 0
 2 z                  1   0 0
 3 b                  2   0 0
 4 c                  3   0 0
 5 y                 Not Declared
 6 e                  5   0 0
 7 p                  1   1 0
 8 d                 Not Declared
 9 r                  2   2 0

Types for <= not permitted
Non-Boolean test in Exit
Loop
Id Name              Ty Scp
 0 <NoName>           0  -1 0
 1 a                  3   1 0
 2 z                  1   0 0
 3 b                  2   0 0
 4 c                  3   0 0
 5 y                 Not Declared
 6 e                  5   0 0
 7 p                  1   1 0
 8 d                 Not Declared
 9 r                 Not Declared

End Loop
Assignment of non-compatible values
Program End
Id Name              Ty Scp
 0 <NoName>           0  -1 0
 1 a                  1   0 0
 2 z                  1   0 0
 3 b                  2   0 0
 4 c                  3   0 0
 5 y                 Not Declared
 6 e                  5   0 0
 7 p                 Not Declared
 8 d                 Not Declared
 9 r                 Not Declared
